<?xml version="1.0" encoding="UTF-8"?>
<!-- Generated by org.testng.reporters.JUnitXMLReporter -->
<testsuite ignored="0" hostname="DESKTOP-IHGRV1T" failures="1" tests="6" name="Test" time="0.553" errors="0" timestamp="2025-11-21T18:06:41 IST">
  <testcase classname="Testing.MobilePurchase" name="@BeforeClass browserLaunch" time="0.142">
    <failure type="java.lang.NoClassDefFoundError" message="org/apache/hc/client5/http/ssl/TlsSocketStrategy">
      <![CDATA[java.lang.NoClassDefFoundError: org/apache/hc/client5/http/ssl/TlsSocketStrategy
at io.github.bonigarcia.wdm.WebDriverManager.setup(WebDriverManager.java:415)
at Testing.MobilePurchase.browserLaunch(MobilePurchase.java:31)
at java.base/java.util.ArrayList.forEach(ArrayList.java:1596)
Caused by: java.lang.ClassNotFoundException: org.apache.hc.client5.http.ssl.TlsSocketStrategy
at java.base/jdk.internal.loader.BuiltinClassLoader.loadClass(BuiltinClassLoader.java:641)
at java.base/jdk.internal.loader.ClassLoaders$AppClassLoader.loadClass(ClassLoaders.java:188)
at java.base/java.lang.ClassLoader.loadClass(ClassLoader.java:526)
... 26 more
... Removed 23 stack frames]]>
    </failure>
  </testcase> <!-- @BeforeClass browserLaunch -->
  <testcase classname="Testing.MobilePurchase" name="@BeforeMethod startTime" time="0.0">
    <skipped/>
  </testcase> <!-- @BeforeMethod startTime -->
  <testcase classname="Testing.MobilePurchase" name="@AfterMethod endTime" time="0.0">
    <skipped/>
  </testcase> <!-- @AfterMethod endTime -->
  <testcase classname="Testing.MobilePurchase" name="@BeforeMethod startTime" time="0.0">
    <skipped/>
  </testcase> <!-- @BeforeMethod startTime -->
  <testcase classname="Testing.MobilePurchase" name="@AfterMethod endTime" time="0.0">
    <skipped/>
  </testcase> <!-- @AfterMethod endTime -->
  <testcase classname="Testing.MobilePurchase" name="@BeforeMethod startTime" time="0.0">
    <skipped/>
  </testcase> <!-- @BeforeMethod startTime -->
  <testcase classname="Testing.MobilePurchase" name="@AfterMethod endTime" time="0.0">
    <skipped/>
  </testcase> <!-- @AfterMethod endTime -->
  <testcase classname="Testing.MobilePurchase" name="@BeforeMethod startTime" time="0.0">
    <skipped/>
  </testcase> <!-- @BeforeMethod startTime -->
  <testcase classname="Testing.MobilePurchase" name="@AfterMethod endTime" time="0.0">
    <skipped/>
  </testcase> <!-- @AfterMethod endTime -->
  <testcase classname="Testing.MobilePurchase" name="@BeforeMethod startTime" time="0.0">
    <skipped/>
  </testcase> <!-- @BeforeMethod startTime -->
  <testcase classname="Testing.MobilePurchase" name="@AfterMethod endTime" time="0.0">
    <skipped/>
  </testcase> <!-- @AfterMethod endTime -->
  <testcase classname="Testing.MobilePurchase" name="@AfterClass browserQuit" time="0.0">
    <skipped/>
  </testcase> <!-- @AfterClass browserQuit -->
  <testcase classname="Testing.MobilePurchase" name="login" time="0.0">
    <failure type="org.testng.TestNGException" message="
Parameter &amp;apos;url&amp;apos; is required by @Test on method login but has not been marked @Optional or defined
in D:\Eclipse\TestNG-NovBatch\testng.xml">
      <![CDATA[org.testng.TestNGException: 
Parameter 'url' is required by @Test on method login but has not been marked @Optional or defined
in D:\Eclipse\TestNG-NovBatch\testng.xml
at java.base/java.util.ArrayList.forEach(ArrayList.java:1596)
... Removed 26 stack frames]]>
    </failure>
  </testcase> <!-- login -->
  <testcase classname="Testing.MobilePurchase" name="search" time="0.005">
    <skipped/>
  </testcase> <!-- search -->
  <testcase classname="Testing.MobilePurchase" name="mobile" time="0.0">
    <skipped/>
  </testcase> <!-- mobile -->
  <testcase classname="Testing.MobilePurchase" name="mobile" time="0.0">
    <skipped/>
  </testcase> <!-- mobile -->
  <testcase classname="Testing.MobilePurchase" name="windows" time="0.001">
    <skipped/>
  </testcase> <!-- windows -->
  <testcase classname="Testing.MobilePurchase" name="validation" time="0.0">
    <skipped/>
  </testcase> <!-- validation -->
</testsuite> <!-- Test -->
